[debug] [2022-10-05T04:40:14.275Z] ----------------------------------------------------------------------
[debug] [2022-10-05T04:40:14.275Z] Command:       /usr/local/bin/node /opt/homebrew/bin/firebase init
[debug] [2022-10-05T04:40:14.276Z] CLI Version:   11.13.0
[debug] [2022-10-05T04:40:14.276Z] Platform:      darwin
[debug] [2022-10-05T04:40:14.276Z] Node Version:  v16.15.1
[debug] [2022-10-05T04:40:14.276Z] Time:          Tue Oct 04 2022 23:40:14 GMT-0500 (Central Daylight Time)
[debug] [2022-10-05T04:40:14.276Z] ----------------------------------------------------------------------
[debug] 
[debug] [2022-10-05T04:40:14.279Z] > command requires scopes: ["email","openid","https://www.googleapis.com/auth/cloudplatformprojects.readonly","https://www.googleapis.com/auth/firebase","https://www.googleapis.com/auth/cloud-platform"]
[debug] [2022-10-05T04:40:14.279Z] > authorizing via signed-in user (shameena.koodan@gmail.com)
[info] 
     ######## #### ########  ######## ########     ###     ######  ########
     ##        ##  ##     ## ##       ##     ##  ##   ##  ##       ##
     ######    ##  ########  ######   ########  #########  ######  ######
     ##        ##  ##    ##  ##       ##     ## ##     ##       ## ##
     ##       #### ##     ## ######## ########  ##     ##  ######  ########

You're about to initialize a Firebase project in this directory:

  /Users/homeoffice/Shameena/_Nology/DEVOPS/fire-base-implementation

[info] 
=== Project Setup
[info] 
[info] First, let's associate this project directory with a Firebase project.
[info] You can create multiple project aliases by running firebase use --add, 
[info] but for now we'll just set up a default project.
[info] 
[debug] [2022-10-05T04:40:50.741Z] > refreshing access token with scopes: []
[debug] [2022-10-05T04:40:50.743Z] >>> [apiv2][query] POST https://www.googleapis.com/oauth2/v3/token [none]
[debug] [2022-10-05T04:40:50.743Z] >>> [apiv2][body] POST https://www.googleapis.com/oauth2/v3/token [omitted]
[debug] [2022-10-05T04:40:50.948Z] <<< [apiv2][status] POST https://www.googleapis.com/oauth2/v3/token 200
[debug] [2022-10-05T04:40:50.948Z] <<< [apiv2][body] POST https://www.googleapis.com/oauth2/v3/token [omitted]
[debug] [2022-10-05T04:40:50.995Z] >>> [apiv2][query] GET https://firebase.googleapis.com/v1beta1/projects pageSize=100
[debug] [2022-10-05T04:40:51.809Z] <<< [apiv2][status] GET https://firebase.googleapis.com/v1beta1/projects 200
[debug] [2022-10-05T04:40:51.809Z] <<< [apiv2][body] GET https://firebase.googleapis.com/v1beta1/projects [omitted]
[info] i  Using project fire-base-implementation-56b04 (fire-base-implementation) 
[info] 
=== Hosting Setup
[info] 
[info] Your public directory is the folder (relative to your project directory) that
[info] will contain Hosting assets to be uploaded with firebase deploy. If you
[info] have a build process for your assets, use your build's output directory.
[info] 
[debug] [2022-10-05T04:41:42.856Z] >>> [apiv2][query] GET https://www.gstatic.com/firebasejs/releases.json [none]
[debug] [2022-10-05T04:41:43.015Z] <<< [apiv2][status] GET https://www.gstatic.com/firebasejs/releases.json 200
[debug] [2022-10-05T04:41:43.015Z] <<< [apiv2][body] GET https://www.gstatic.com/firebasejs/releases.json {"current":{"version":"9.10.0","browserURL":"https://www.gstatic.com/firebasejs/9.10.0/firebase.js","packageURL":"https://www.gstatic.com/firebasejs/9.10.0/firebase.tgz"},"live":{"version":"9.10","browserURL":"https://www.gstatic.com/firebasejs/live/9.10/firebase.js","packageURL":"https://www.gstatic.com/firebasejs/live/9.10/firebase.tgz"},"components":{"analytics":"https://www.gstatic.com/firebasejs/9.10.0/firebase-analytics.js","app":"https://www.gstatic.com/firebasejs/9.10.0/firebase-app.js","app-check":"https://www.gstatic.com/firebasejs/9.10.0/firebase-app-check.js","auth":"https://www.gstatic.com/firebasejs/9.10.0/firebase-auth.js","auth/cordova":"https://www.gstatic.com/firebasejs/9.10.0/firebase-auth/cordova.js","auth/react-native":"https://www.gstatic.com/firebasejs/9.10.0/firebase-auth/react-native.js","functions":"https://www.gstatic.com/firebasejs/9.10.0/firebase-functions.js","firestore":"https://www.gstatic.com/firebasejs/9.10.0/firebase-firestore.js","firestore/lite":"https://www.gstatic.com/firebasejs/9.10.0/firebase-firestore/lite.js","installations":"https://www.gstatic.com/firebasejs/9.10.0/firebase-installations.js","storage":"https://www.gstatic.com/firebasejs/9.10.0/firebase-storage.js","performance":"https://www.gstatic.com/firebasejs/9.10.0/firebase-performance.js","remote-config":"https://www.gstatic.com/firebasejs/9.10.0/firebase-remote-config.js","messaging":"https://www.gstatic.com/firebasejs/9.10.0/firebase-messaging.js","messaging/sw":"https://www.gstatic.com/firebasejs/9.10.0/firebase-messaging/sw.js","database":"https://www.gstatic.com/firebasejs/9.10.0/firebase-database.js","firestore.memory":"https://www.gstatic.com/firebasejs/9.10.0/firebase-firestore.memory.js"}}
[info] i  Skipping write of build/index.html 
[info] 
[info] i  Detected a .git folder at /Users/homeoffice/Shameena/_Nology/DEVOPS/fire-base-implementation 
[info] i  Authorizing with GitHub to upload your service account to a GitHub repository's secrets store. 
[info] 
[info] Visit this URL on this device to log in:
[info] https://github.com/login/oauth/authorize?client_id=89cf50f02ac6aaed3484&state=788705753&redirect_uri=http%3A%2F%2Flocalhost%3A9005&scope=read%3Auser%20repo%20public_repo
[info] 
[info] Waiting for authentication...
[debug] [2022-10-05T04:41:51.742Z] >>> [apiv2][query] POST https://github.com/login/oauth/access_token [none]
[debug] [2022-10-05T04:41:51.743Z] >>> [apiv2][body] POST https://github.com/login/oauth/access_token [stream]
[debug] [2022-10-05T04:41:52.111Z] <<< [apiv2][status] POST https://github.com/login/oauth/access_token 200
[debug] [2022-10-05T04:41:52.111Z] <<< [apiv2][body] POST https://github.com/login/oauth/access_token {"access_token":"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","token_type":"bearer","scope":"read:user,repo"}
[debug] [2022-10-05T04:41:52.126Z] >>> [apiv2][query] GET https://api.github.com/user [none]
[debug] [2022-10-05T04:41:52.509Z] <<< [apiv2][status] GET https://api.github.com/user 200
[debug] [2022-10-05T04:41:52.510Z] <<< [apiv2][body] GET https://api.github.com/user {"login":"shameenakoodan","id":54380111,"node_id":"MDQ6VXNlcjU0MzgwMTEx","avatar_url":"https://avatars.githubusercontent.com/u/54380111?v=4","gravatar_id":"","url":"https://api.github.com/users/shameenakoodan","html_url":"https://github.com/shameenakoodan","followers_url":"https://api.github.com/users/shameenakoodan/followers","following_url":"https://api.github.com/users/shameenakoodan/following{/other_user}","gists_url":"https://api.github.com/users/shameenakoodan/gists{/gist_id}","starred_url":"https://api.github.com/users/shameenakoodan/starred{/owner}{/repo}","subscriptions_url":"https://api.github.com/users/shameenakoodan/subscriptions","organizations_url":"https://api.github.com/users/shameenakoodan/orgs","repos_url":"https://api.github.com/users/shameenakoodan/repos","events_url":"https://api.github.com/users/shameenakoodan/events{/privacy}","received_events_url":"https://api.github.com/users/shameenakoodan/received_events","type":"User","site_admin":false,"name":"shameenakoodan","company":null,"blog":"","location":"Little Elm, TX","email":"shameena.koodan@gmail.com","hireable":true,"bio":null,"twitter_username":null,"public_repos":61,"public_gists":17,"followers":0,"following":0,"created_at":"2019-08-21T22:45:15Z","updated_at":"2022-09-22T12:05:25Z","private_gists":0,"total_private_repos":22,"owned_private_repos":10,"disk_usage":22378,"collaborators":3,"two_factor_authentication":false,"plan":{"name":"free","space":976562499,"collaborators":0,"private_repos":10000}}
[info] 
[info] ✔  Success! Logged into GitHub as shameenakoodan 
[info] 
